{"@timestamp":"2023-03-25T14:42:34.681Z","@version":"1","message":"Starting ApiApplicationKt using Java 11.0.18 on 2dd44a5dad90 with PID 7 (/app.jar started by root in /)","logger_name":"fs.playground.aarchi.api.ApiApplicationKt","thread_name":"main","level":"INFO","level_value":20000}
{"@timestamp":"2023-03-25T14:42:34.69Z","@version":"1","message":"No active profile set, falling back to 1 default profile: \"default\"","logger_name":"fs.playground.aarchi.api.ApiApplicationKt","thread_name":"main","level":"INFO","level_value":20000}
{"@timestamp":"2023-03-25T14:42:35.312Z","@version":"1","message":"Tomcat initialized with port(s): 8080 (http)","logger_name":"org.springframework.boot.web.embedded.tomcat.TomcatWebServer","thread_name":"main","level":"INFO","level_value":20000}
{"@timestamp":"2023-03-25T14:42:35.318Z","@version":"1","message":"Initializing ProtocolHandler [\"http-nio-8080\"]","logger_name":"org.apache.coyote.http11.Http11NioProtocol","thread_name":"main","level":"INFO","level_value":20000}
{"@timestamp":"2023-03-25T14:42:35.319Z","@version":"1","message":"Starting service [Tomcat]","logger_name":"org.apache.catalina.core.StandardService","thread_name":"main","level":"INFO","level_value":20000}
{"@timestamp":"2023-03-25T14:42:35.319Z","@version":"1","message":"Starting Servlet engine: [Apache Tomcat/9.0.65]","logger_name":"org.apache.catalina.core.StandardEngine","thread_name":"main","level":"INFO","level_value":20000}
{"@timestamp":"2023-03-25T14:42:35.366Z","@version":"1","message":"Initializing Spring embedded WebApplicationContext","logger_name":"org.apache.catalina.core.ContainerBase.[Tomcat].[localhost].[/]","thread_name":"main","level":"INFO","level_value":20000}
{"@timestamp":"2023-03-25T14:42:35.366Z","@version":"1","message":"Root WebApplicationContext: initialization completed in 644 ms","logger_name":"org.springframework.boot.web.servlet.context.ServletWebServerApplicationContext","thread_name":"main","level":"INFO","level_value":20000}
{"@timestamp":"2023-03-25T14:42:35.671Z","@version":"1","message":"Exposing 1 endpoint(s) beneath base path '/actuator'","logger_name":"org.springframework.boot.actuate.endpoint.web.EndpointLinksResolver","thread_name":"main","level":"INFO","level_value":20000}
{"@timestamp":"2023-03-25T14:42:35.683Z","@version":"1","message":"Starting ProtocolHandler [\"http-nio-8080\"]","logger_name":"org.apache.coyote.http11.Http11NioProtocol","thread_name":"main","level":"INFO","level_value":20000}
{"@timestamp":"2023-03-25T14:42:35.695Z","@version":"1","message":"Tomcat started on port(s): 8080 (http) with context path ''","logger_name":"org.springframework.boot.web.embedded.tomcat.TomcatWebServer","thread_name":"main","level":"INFO","level_value":20000}
{"@timestamp":"2023-03-25T14:42:35.707Z","@version":"1","message":"Started ApiApplicationKt in 1.683 seconds (JVM running for 2.063)","logger_name":"fs.playground.aarchi.api.ApiApplicationKt","thread_name":"main","level":"INFO","level_value":20000}
{"@timestamp":"2023-03-25T14:43:07.498Z","@version":"1","message":"Starting ApiApplicationKt using Java 11.0.18 on f5b93e076535 with PID 7 (/app.jar started by root in /)","logger_name":"fs.playground.aarchi.api.ApiApplicationKt","thread_name":"main","level":"INFO","level_value":20000}
{"@timestamp":"2023-03-25T14:43:07.508Z","@version":"1","message":"No active profile set, falling back to 1 default profile: \"default\"","logger_name":"fs.playground.aarchi.api.ApiApplicationKt","thread_name":"main","level":"INFO","level_value":20000}
{"@timestamp":"2023-03-25T14:43:08.152Z","@version":"1","message":"Tomcat initialized with port(s): 8080 (http)","logger_name":"org.springframework.boot.web.embedded.tomcat.TomcatWebServer","thread_name":"main","level":"INFO","level_value":20000}
{"@timestamp":"2023-03-25T14:43:08.159Z","@version":"1","message":"Initializing ProtocolHandler [\"http-nio-8080\"]","logger_name":"org.apache.coyote.http11.Http11NioProtocol","thread_name":"main","level":"INFO","level_value":20000}
{"@timestamp":"2023-03-25T14:43:08.159Z","@version":"1","message":"Starting service [Tomcat]","logger_name":"org.apache.catalina.core.StandardService","thread_name":"main","level":"INFO","level_value":20000}
{"@timestamp":"2023-03-25T14:43:08.159Z","@version":"1","message":"Starting Servlet engine: [Apache Tomcat/9.0.65]","logger_name":"org.apache.catalina.core.StandardEngine","thread_name":"main","level":"INFO","level_value":20000}
{"@timestamp":"2023-03-25T14:43:08.212Z","@version":"1","message":"Initializing Spring embedded WebApplicationContext","logger_name":"org.apache.catalina.core.ContainerBase.[Tomcat].[localhost].[/]","thread_name":"main","level":"INFO","level_value":20000}
{"@timestamp":"2023-03-25T14:43:08.212Z","@version":"1","message":"Root WebApplicationContext: initialization completed in 663 ms","logger_name":"org.springframework.boot.web.servlet.context.ServletWebServerApplicationContext","thread_name":"main","level":"INFO","level_value":20000}
{"@timestamp":"2023-03-25T14:43:08.521Z","@version":"1","message":"Exposing 1 endpoint(s) beneath base path '/actuator'","logger_name":"org.springframework.boot.actuate.endpoint.web.EndpointLinksResolver","thread_name":"main","level":"INFO","level_value":20000}
{"@timestamp":"2023-03-25T14:43:08.533Z","@version":"1","message":"Starting ProtocolHandler [\"http-nio-8080\"]","logger_name":"org.apache.coyote.http11.Http11NioProtocol","thread_name":"main","level":"INFO","level_value":20000}
{"@timestamp":"2023-03-25T14:43:08.545Z","@version":"1","message":"Tomcat started on port(s): 8080 (http) with context path ''","logger_name":"org.springframework.boot.web.embedded.tomcat.TomcatWebServer","thread_name":"main","level":"INFO","level_value":20000}
{"@timestamp":"2023-03-25T14:43:08.557Z","@version":"1","message":"Started ApiApplicationKt in 1.731 seconds (JVM running for 2.124)","logger_name":"fs.playground.aarchi.api.ApiApplicationKt","thread_name":"main","level":"INFO","level_value":20000}
{"@timestamp":"2023-03-25T14:48:04.955Z","@version":"1","message":"Starting ApiApplicationKt using Java 11.0.18 on f76455721126 with PID 7 (/app.jar started by root in /)","logger_name":"fs.playground.aarchi.api.ApiApplicationKt","thread_name":"main","level":"INFO","level_value":20000}
{"@timestamp":"2023-03-25T14:48:04.968Z","@version":"1","message":"No active profile set, falling back to 1 default profile: \"default\"","logger_name":"fs.playground.aarchi.api.ApiApplicationKt","thread_name":"main","level":"INFO","level_value":20000}
{"@timestamp":"2023-03-25T14:48:05.719Z","@version":"1","message":"Tomcat initialized with port(s): 8080 (http)","logger_name":"org.springframework.boot.web.embedded.tomcat.TomcatWebServer","thread_name":"main","level":"INFO","level_value":20000}
{"@timestamp":"2023-03-25T14:48:05.726Z","@version":"1","message":"Initializing ProtocolHandler [\"http-nio-8080\"]","logger_name":"org.apache.coyote.http11.Http11NioProtocol","thread_name":"main","level":"INFO","level_value":20000}
{"@timestamp":"2023-03-25T14:48:05.726Z","@version":"1","message":"Starting service [Tomcat]","logger_name":"org.apache.catalina.core.StandardService","thread_name":"main","level":"INFO","level_value":20000}
{"@timestamp":"2023-03-25T14:48:05.726Z","@version":"1","message":"Starting Servlet engine: [Apache Tomcat/9.0.65]","logger_name":"org.apache.catalina.core.StandardEngine","thread_name":"main","level":"INFO","level_value":20000}
{"@timestamp":"2023-03-25T14:48:05.772Z","@version":"1","message":"Initializing Spring embedded WebApplicationContext","logger_name":"org.apache.catalina.core.ContainerBase.[Tomcat].[localhost].[/]","thread_name":"main","level":"INFO","level_value":20000}
{"@timestamp":"2023-03-25T14:48:05.772Z","@version":"1","message":"Root WebApplicationContext: initialization completed in 769 ms","logger_name":"org.springframework.boot.web.servlet.context.ServletWebServerApplicationContext","thread_name":"main","level":"INFO","level_value":20000}
{"@timestamp":"2023-03-25T14:48:06.101Z","@version":"1","message":"Exposing 1 endpoint(s) beneath base path '/actuator'","logger_name":"org.springframework.boot.actuate.endpoint.web.EndpointLinksResolver","thread_name":"main","level":"INFO","level_value":20000}
{"@timestamp":"2023-03-25T14:48:06.114Z","@version":"1","message":"Starting ProtocolHandler [\"http-nio-8080\"]","logger_name":"org.apache.coyote.http11.Http11NioProtocol","thread_name":"main","level":"INFO","level_value":20000}
{"@timestamp":"2023-03-25T14:48:06.126Z","@version":"1","message":"Tomcat started on port(s): 8080 (http) with context path ''","logger_name":"org.springframework.boot.web.embedded.tomcat.TomcatWebServer","thread_name":"main","level":"INFO","level_value":20000}
{"@timestamp":"2023-03-25T14:48:06.136Z","@version":"1","message":"Started ApiApplicationKt in 1.949 seconds (JVM running for 2.397)","logger_name":"fs.playground.aarchi.api.ApiApplicationKt","thread_name":"main","level":"INFO","level_value":20000}
{"@timestamp":"2023-03-25T14:48:19.273Z","@version":"1","message":"Initializing Spring DispatcherServlet 'dispatcherServlet'","logger_name":"org.apache.catalina.core.ContainerBase.[Tomcat].[localhost].[/]","thread_name":"http-nio-8080-exec-1","level":"INFO","level_value":20000}
{"@timestamp":"2023-03-25T14:48:19.274Z","@version":"1","message":"Initializing Servlet 'dispatcherServlet'","logger_name":"org.springframework.web.servlet.DispatcherServlet","thread_name":"http-nio-8080-exec-1","level":"INFO","level_value":20000}
{"@timestamp":"2023-03-25T14:48:19.275Z","@version":"1","message":"Completed initialization in 1 ms","logger_name":"org.springframework.web.servlet.DispatcherServlet","thread_name":"http-nio-8080-exec-1","level":"INFO","level_value":20000}
{"@timestamp":"2023-03-25T14:51:10.377Z","@version":"1","message":"Starting ApiApplicationKt using Java 11.0.18 on 14882c8be467 with PID 7 (/app.jar started by root in /)","logger_name":"fs.playground.aarchi.api.ApiApplicationKt","thread_name":"main","level":"INFO","level_value":20000}
{"@timestamp":"2023-03-25T14:51:10.386Z","@version":"1","message":"No active profile set, falling back to 1 default profile: \"default\"","logger_name":"fs.playground.aarchi.api.ApiApplicationKt","thread_name":"main","level":"INFO","level_value":20000}
{"@timestamp":"2023-03-25T14:51:11.15Z","@version":"1","message":"Tomcat initialized with port(s): 8080 (http)","logger_name":"org.springframework.boot.web.embedded.tomcat.TomcatWebServer","thread_name":"main","level":"INFO","level_value":20000}
{"@timestamp":"2023-03-25T14:51:11.156Z","@version":"1","message":"Initializing ProtocolHandler [\"http-nio-8080\"]","logger_name":"org.apache.coyote.http11.Http11NioProtocol","thread_name":"main","level":"INFO","level_value":20000}
{"@timestamp":"2023-03-25T14:51:11.156Z","@version":"1","message":"Starting service [Tomcat]","logger_name":"org.apache.catalina.core.StandardService","thread_name":"main","level":"INFO","level_value":20000}
{"@timestamp":"2023-03-25T14:51:11.156Z","@version":"1","message":"Starting Servlet engine: [Apache Tomcat/9.0.65]","logger_name":"org.apache.catalina.core.StandardEngine","thread_name":"main","level":"INFO","level_value":20000}
{"@timestamp":"2023-03-25T14:51:11.206Z","@version":"1","message":"Initializing Spring embedded WebApplicationContext","logger_name":"org.apache.catalina.core.ContainerBase.[Tomcat].[localhost].[/]","thread_name":"main","level":"INFO","level_value":20000}
{"@timestamp":"2023-03-25T14:51:11.206Z","@version":"1","message":"Root WebApplicationContext: initialization completed in 776 ms","logger_name":"org.springframework.boot.web.servlet.context.ServletWebServerApplicationContext","thread_name":"main","level":"INFO","level_value":20000}
{"@timestamp":"2023-03-25T14:51:11.536Z","@version":"1","message":"Exposing 1 endpoint(s) beneath base path '/actuator'","logger_name":"org.springframework.boot.actuate.endpoint.web.EndpointLinksResolver","thread_name":"main","level":"INFO","level_value":20000}
{"@timestamp":"2023-03-25T14:51:11.552Z","@version":"1","message":"Starting ProtocolHandler [\"http-nio-8080\"]","logger_name":"org.apache.coyote.http11.Http11NioProtocol","thread_name":"main","level":"INFO","level_value":20000}
{"@timestamp":"2023-03-25T14:51:11.563Z","@version":"1","message":"Tomcat started on port(s): 8080 (http) with context path ''","logger_name":"org.springframework.boot.web.embedded.tomcat.TomcatWebServer","thread_name":"main","level":"INFO","level_value":20000}
{"@timestamp":"2023-03-25T14:51:11.575Z","@version":"1","message":"Started ApiApplicationKt in 1.965 seconds (JVM running for 2.407)","logger_name":"fs.playground.aarchi.api.ApiApplicationKt","thread_name":"main","level":"INFO","level_value":20000}
{"@timestamp":"2023-03-25T14:51:26.261Z","@version":"1","message":"Initializing Spring DispatcherServlet 'dispatcherServlet'","logger_name":"org.apache.catalina.core.ContainerBase.[Tomcat].[localhost].[/]","thread_name":"http-nio-8080-exec-1","level":"INFO","level_value":20000}
{"@timestamp":"2023-03-25T14:51:26.261Z","@version":"1","message":"Initializing Servlet 'dispatcherServlet'","logger_name":"org.springframework.web.servlet.DispatcherServlet","thread_name":"http-nio-8080-exec-1","level":"INFO","level_value":20000}
{"@timestamp":"2023-03-25T14:51:26.262Z","@version":"1","message":"Completed initialization in 1 ms","logger_name":"org.springframework.web.servlet.DispatcherServlet","thread_name":"http-nio-8080-exec-1","level":"INFO","level_value":20000}
{"@timestamp":"2023-03-25T14:55:36.279Z","@version":"1","message":"Starting ApiApplicationKt using Java 11.0.18 on 36aa36ef730a with PID 7 (/app.jar started by root in /)","logger_name":"fs.playground.aarchi.api.ApiApplicationKt","thread_name":"main","level":"INFO","level_value":20000}
{"@timestamp":"2023-03-25T14:55:36.29Z","@version":"1","message":"No active profile set, falling back to 1 default profile: \"default\"","logger_name":"fs.playground.aarchi.api.ApiApplicationKt","thread_name":"main","level":"INFO","level_value":20000}
{"@timestamp":"2023-03-25T14:55:37.022Z","@version":"1","message":"Tomcat initialized with port(s): 8080 (http)","logger_name":"org.springframework.boot.web.embedded.tomcat.TomcatWebServer","thread_name":"main","level":"INFO","level_value":20000}
{"@timestamp":"2023-03-25T14:55:37.028Z","@version":"1","message":"Initializing ProtocolHandler [\"http-nio-8080\"]","logger_name":"org.apache.coyote.http11.Http11NioProtocol","thread_name":"main","level":"INFO","level_value":20000}
{"@timestamp":"2023-03-25T14:55:37.029Z","@version":"1","message":"Starting service [Tomcat]","logger_name":"org.apache.catalina.core.StandardService","thread_name":"main","level":"INFO","level_value":20000}
{"@timestamp":"2023-03-25T14:55:37.029Z","@version":"1","message":"Starting Servlet engine: [Apache Tomcat/9.0.65]","logger_name":"org.apache.catalina.core.StandardEngine","thread_name":"main","level":"INFO","level_value":20000}
{"@timestamp":"2023-03-25T14:55:37.078Z","@version":"1","message":"Initializing Spring embedded WebApplicationContext","logger_name":"org.apache.catalina.core.ContainerBase.[Tomcat].[localhost].[/]","thread_name":"main","level":"INFO","level_value":20000}
{"@timestamp":"2023-03-25T14:55:37.079Z","@version":"1","message":"Root WebApplicationContext: initialization completed in 746 ms","logger_name":"org.springframework.boot.web.servlet.context.ServletWebServerApplicationContext","thread_name":"main","level":"INFO","level_value":20000}
{"@timestamp":"2023-03-25T14:55:37.412Z","@version":"1","message":"Exposing 1 endpoint(s) beneath base path '/actuator'","logger_name":"org.springframework.boot.actuate.endpoint.web.EndpointLinksResolver","thread_name":"main","level":"INFO","level_value":20000}
{"@timestamp":"2023-03-25T14:55:37.428Z","@version":"1","message":"Starting ProtocolHandler [\"http-nio-8080\"]","logger_name":"org.apache.coyote.http11.Http11NioProtocol","thread_name":"main","level":"INFO","level_value":20000}
{"@timestamp":"2023-03-25T14:55:37.439Z","@version":"1","message":"Tomcat started on port(s): 8080 (http) with context path ''","logger_name":"org.springframework.boot.web.embedded.tomcat.TomcatWebServer","thread_name":"main","level":"INFO","level_value":20000}
{"@timestamp":"2023-03-25T14:55:37.451Z","@version":"1","message":"Started ApiApplicationKt in 1.929 seconds (JVM running for 2.398)","logger_name":"fs.playground.aarchi.api.ApiApplicationKt","thread_name":"main","level":"INFO","level_value":20000}
{"@timestamp":"2023-03-25T14:55:51.328Z","@version":"1","message":"Initializing Spring DispatcherServlet 'dispatcherServlet'","logger_name":"org.apache.catalina.core.ContainerBase.[Tomcat].[localhost].[/]","thread_name":"http-nio-8080-exec-1","level":"INFO","level_value":20000}
{"@timestamp":"2023-03-25T14:55:51.329Z","@version":"1","message":"Initializing Servlet 'dispatcherServlet'","logger_name":"org.springframework.web.servlet.DispatcherServlet","thread_name":"http-nio-8080-exec-1","level":"INFO","level_value":20000}
{"@timestamp":"2023-03-25T14:55:51.33Z","@version":"1","message":"Completed initialization in 1 ms","logger_name":"org.springframework.web.servlet.DispatcherServlet","thread_name":"http-nio-8080-exec-1","level":"INFO","level_value":20000}
{"@timestamp":"2023-03-25T15:00:47.757Z","@version":"1","message":"Starting ApiApplicationKt using Java 11.0.18 on hans-ubu with PID 7 (/app.jar started by root in /)","logger_name":"fs.playground.aarchi.api.ApiApplicationKt","thread_name":"main","level":"INFO","level_value":20000}
{"@timestamp":"2023-03-25T15:00:47.767Z","@version":"1","message":"No active profile set, falling back to 1 default profile: \"default\"","logger_name":"fs.playground.aarchi.api.ApiApplicationKt","thread_name":"main","level":"INFO","level_value":20000}
{"@timestamp":"2023-03-25T15:00:48.461Z","@version":"1","message":"Tomcat initialized with port(s): 8080 (http)","logger_name":"org.springframework.boot.web.embedded.tomcat.TomcatWebServer","thread_name":"main","level":"INFO","level_value":20000}
{"@timestamp":"2023-03-25T15:00:48.467Z","@version":"1","message":"Initializing ProtocolHandler [\"http-nio-8080\"]","logger_name":"org.apache.coyote.http11.Http11NioProtocol","thread_name":"main","level":"INFO","level_value":20000}
{"@timestamp":"2023-03-25T15:00:48.467Z","@version":"1","message":"Starting service [Tomcat]","logger_name":"org.apache.catalina.core.StandardService","thread_name":"main","level":"INFO","level_value":20000}
{"@timestamp":"2023-03-25T15:00:48.467Z","@version":"1","message":"Starting Servlet engine: [Apache Tomcat/9.0.65]","logger_name":"org.apache.catalina.core.StandardEngine","thread_name":"main","level":"INFO","level_value":20000}
{"@timestamp":"2023-03-25T15:00:48.509Z","@version":"1","message":"Initializing Spring embedded WebApplicationContext","logger_name":"org.apache.catalina.core.ContainerBase.[Tomcat].[localhost].[/]","thread_name":"main","level":"INFO","level_value":20000}
{"@timestamp":"2023-03-25T15:00:48.509Z","@version":"1","message":"Root WebApplicationContext: initialization completed in 707 ms","logger_name":"org.springframework.boot.web.servlet.context.ServletWebServerApplicationContext","thread_name":"main","level":"INFO","level_value":20000}
{"@timestamp":"2023-03-25T15:00:48.802Z","@version":"1","message":"Exposing 1 endpoint(s) beneath base path '/actuator'","logger_name":"org.springframework.boot.actuate.endpoint.web.EndpointLinksResolver","thread_name":"main","level":"INFO","level_value":20000}
{"@timestamp":"2023-03-25T15:00:48.813Z","@version":"1","message":"Starting ProtocolHandler [\"http-nio-8080\"]","logger_name":"org.apache.coyote.http11.Http11NioProtocol","thread_name":"main","level":"INFO","level_value":20000}
{"@timestamp":"2023-03-25T15:00:48.824Z","@version":"1","message":"Tomcat started on port(s): 8080 (http) with context path ''","logger_name":"org.springframework.boot.web.embedded.tomcat.TomcatWebServer","thread_name":"main","level":"INFO","level_value":20000}
{"@timestamp":"2023-03-25T15:00:48.836Z","@version":"1","message":"Started ApiApplicationKt in 1.876 seconds (JVM running for 2.314)","logger_name":"fs.playground.aarchi.api.ApiApplicationKt","thread_name":"main","level":"INFO","level_value":20000}
{"@timestamp":"2023-03-25T15:02:57.651Z","@version":"1","message":"Initializing Spring DispatcherServlet 'dispatcherServlet'","logger_name":"org.apache.catalina.core.ContainerBase.[Tomcat].[localhost].[/]","thread_name":"http-nio-8080-exec-1","level":"INFO","level_value":20000}
{"@timestamp":"2023-03-25T15:02:57.652Z","@version":"1","message":"Initializing Servlet 'dispatcherServlet'","logger_name":"org.springframework.web.servlet.DispatcherServlet","thread_name":"http-nio-8080-exec-1","level":"INFO","level_value":20000}
{"@timestamp":"2023-03-25T15:02:57.653Z","@version":"1","message":"Completed initialization in 1 ms","logger_name":"org.springframework.web.servlet.DispatcherServlet","thread_name":"http-nio-8080-exec-1","level":"INFO","level_value":20000}
{"@timestamp":"2023-03-25T15:03:33.921Z","@version":"1","message":"Starting ApiApplicationKt using Java 11.0.18 on hans-ubu with PID 7 (/app.jar started by root in /)","logger_name":"fs.playground.aarchi.api.ApiApplicationKt","thread_name":"main","level":"INFO","level_value":20000}
{"@timestamp":"2023-03-25T15:03:33.932Z","@version":"1","message":"No active profile set, falling back to 1 default profile: \"default\"","logger_name":"fs.playground.aarchi.api.ApiApplicationKt","thread_name":"main","level":"INFO","level_value":20000}
{"@timestamp":"2023-03-25T15:03:34.672Z","@version":"1","message":"Tomcat initialized with port(s): 8080 (http)","logger_name":"org.springframework.boot.web.embedded.tomcat.TomcatWebServer","thread_name":"main","level":"INFO","level_value":20000}
{"@timestamp":"2023-03-25T15:03:34.677Z","@version":"1","message":"Initializing ProtocolHandler [\"http-nio-8080\"]","logger_name":"org.apache.coyote.http11.Http11NioProtocol","thread_name":"main","level":"INFO","level_value":20000}
{"@timestamp":"2023-03-25T15:03:34.678Z","@version":"1","message":"Starting service [Tomcat]","logger_name":"org.apache.catalina.core.StandardService","thread_name":"main","level":"INFO","level_value":20000}
{"@timestamp":"2023-03-25T15:03:34.678Z","@version":"1","message":"Starting Servlet engine: [Apache Tomcat/9.0.65]","logger_name":"org.apache.catalina.core.StandardEngine","thread_name":"main","level":"INFO","level_value":20000}
{"@timestamp":"2023-03-25T15:03:34.722Z","@version":"1","message":"Initializing Spring embedded WebApplicationContext","logger_name":"org.apache.catalina.core.ContainerBase.[Tomcat].[localhost].[/]","thread_name":"main","level":"INFO","level_value":20000}
{"@timestamp":"2023-03-25T15:03:34.722Z","@version":"1","message":"Root WebApplicationContext: initialization completed in 752 ms","logger_name":"org.springframework.boot.web.servlet.context.ServletWebServerApplicationContext","thread_name":"main","level":"INFO","level_value":20000}
{"@timestamp":"2023-03-25T15:03:35.006Z","@version":"1","message":"Exposing 1 endpoint(s) beneath base path '/actuator'","logger_name":"org.springframework.boot.actuate.endpoint.web.EndpointLinksResolver","thread_name":"main","level":"INFO","level_value":20000}
{"@timestamp":"2023-03-25T15:03:35.018Z","@version":"1","message":"Starting ProtocolHandler [\"http-nio-8080\"]","logger_name":"org.apache.coyote.http11.Http11NioProtocol","thread_name":"main","level":"INFO","level_value":20000}
{"@timestamp":"2023-03-25T15:03:35.029Z","@version":"1","message":"Tomcat started on port(s): 8080 (http) with context path ''","logger_name":"org.springframework.boot.web.embedded.tomcat.TomcatWebServer","thread_name":"main","level":"INFO","level_value":20000}
{"@timestamp":"2023-03-25T15:03:35.039Z","@version":"1","message":"Started ApiApplicationKt in 1.904 seconds (JVM running for 2.337)","logger_name":"fs.playground.aarchi.api.ApiApplicationKt","thread_name":"main","level":"INFO","level_value":20000}
{"@timestamp":"2023-03-25T15:15:23.23Z","@version":"1","message":"Initializing Spring DispatcherServlet 'dispatcherServlet'","logger_name":"org.apache.catalina.core.ContainerBase.[Tomcat].[localhost].[/]","thread_name":"http-nio-8080-exec-1","level":"INFO","level_value":20000}
{"@timestamp":"2023-03-25T15:15:23.231Z","@version":"1","message":"Initializing Servlet 'dispatcherServlet'","logger_name":"org.springframework.web.servlet.DispatcherServlet","thread_name":"http-nio-8080-exec-1","level":"INFO","level_value":20000}
{"@timestamp":"2023-03-25T15:15:23.232Z","@version":"1","message":"Completed initialization in 1 ms","logger_name":"org.springframework.web.servlet.DispatcherServlet","thread_name":"http-nio-8080-exec-1","level":"INFO","level_value":20000}
{"@timestamp":"2023-03-25T15:15:23.249Z","@version":"1","message":"I say why?!","logger_name":"fs.playground.aarchi.api.ApiController","thread_name":"http-nio-8080-exec-1","level":"INFO","level_value":20000}
{"@timestamp":"2023-03-25T15:16:56.228Z","@version":"1","message":"I say why?!","logger_name":"fs.playground.aarchi.api.ApiController","thread_name":"http-nio-8080-exec-2","level":"INFO","level_value":20000}
